# JRE version: Java(TM) SE Runtime Environment 18.9 (11.0.12+8) (build 11.0.12+8-LTS-237)
# Java VM: Java HotSpot(TM) 64-Bit Server VM 18.9 (11.0.12+8-LTS-237, mixed mode, tiered, compressed oops, g1 gc, windows-amd64)
Heap:
 garbage-first heap   total 310272K, used 16979K [0x0000000705200000, 0x0000000800000000)
  region size 1024K, 11 young (11264K), 11 survivors (11264K)
 Metaspace       used 45110K, capacity 46399K, committed 46544K, reserved 1089536K
  class space    used 5539K, capacity 6038K, committed 6144K, reserved 1048576K
GC Heap History (9 events):
Event: 0.667 GC heap before
{Heap before GC invocations=0 (full 0):
 garbage-first heap   total 258048K, used 24576K [0x0000000705200000, 0x0000000800000000)
  region size 1024K, 24 young (24576K), 0 survivors (0K)
 Metaspace       used 11163K, capacity 11350K, committed 11648K, reserved 1060864K
  class space    used 1061K, capacity 1101K, committed 1152K, reserved 1048576K
}
Event: 0.671 GC heap after
{Heap after GC invocations=1 (full 0):
 garbage-first heap   total 258048K, used 6070K [0x0000000705200000, 0x0000000800000000)
  region size 1024K, 3 young (3072K), 3 survivors (3072K)
 Metaspace       used 11163K, capacity 11350K, committed 11648K, reserved 1060864K
  class space    used 1061K, capacity 1101K, committed 1152K, reserved 1048576K
}
Event: 1.369 GC heap before
{Heap before GC invocations=1 (full 0):
 garbage-first heap   total 258048K, used 92086K [0x0000000705200000, 0x0000000800000000)
  region size 1024K, 89 young (91136K), 3 survivors (3072K)
 Metaspace       used 20647K, capacity 21116K, committed 21296K, reserved 1069056K
  class space    used 2227K, capacity 2416K, committed 2432K, reserved 1048576K
}
Event: 1.375 GC heap after
{Heap after GC invocations=2 (full 0):
 garbage-first heap   total 258048K, used 8284K [0x0000000705200000, 0x0000000800000000)
  region size 1024K, 6 young (6144K), 6 survivors (6144K)
 Metaspace       used 20647K, capacity 21116K, committed 21296K, reserved 1069056K
  class space    used 2227K, capacity 2416K, committed 2432K, reserved 1048576K
}
Event: 1.975 GC heap before
{Heap before GC invocations=3 (full 0):
 garbage-first heap   total 258048K, used 98396K [0x0000000705200000, 0x0000000800000000)
  region size 1024K, 95 young (97280K), 6 survivors (6144K)
 Metaspace       used 26466K, capacity 27112K, committed 27392K, reserved 1073152K
  class space    used 2961K, capacity 3221K, committed 3328K, reserved 1048576K
}
Event: 1.981 GC heap after
{Heap after GC invocations=4 (full 0):
 garbage-first heap   total 258048K, used 10697K [0x0000000705200000, 0x0000000800000000)
  region size 1024K, 8 young (8192K), 8 survivors (8192K)
 Metaspace       used 26466K, capacity 27112K, committed 27392K, reserved 1073152K
  class space    used 2961K, capacity 3221K, committed 3328K, reserved 1048576K
}
Event: 3.304 GC heap before
{Heap before GC invocations=4 (full 0):
 garbage-first heap   total 258048K, used 80329K [0x0000000705200000, 0x0000000800000000)
  region size 1024K, 77 young (78848K), 8 survivors (8192K)
 Metaspace       used 34845K, capacity 35902K, committed 36048K, reserved 1081344K
  class space    used 4089K, capacity 4520K, committed 4608K, reserved 1048576K
}
Event: 3.313 GC heap after
{Heap after GC invocations=5 (full 0):
 garbage-first heap   total 258048K, used 14105K [0x0000000705200000, 0x0000000800000000)
  region size 1024K, 11 young (11264K), 11 survivors (11264K)
 Metaspace       used 34845K, capacity 35902K, committed 36048K, reserved 1081344K
  class space    used 4089K, capacity 4520K, committed 4608K, reserved 1048576K
}
Event: 4.231 GC heap before
{Heap before GC invocations=6 (full 0):
 garbage-first heap   total 258048K, used 156441K [0x0000000705200000, 0x0000000800000000)
  region size 1024K, 151 young (154624K), 11 survivors (11264K)
 Metaspace       used 45110K, capacity 46399K, committed 46544K, reserved 1089536K
  class space    used 5539K, capacity 6038K, committed 6144K, reserved 1048576K
}

